<?xml version="1.0" encoding="UTF-8"?>
<robot generator="Robot 5.0.1 (Python 3.10.7 on win32)" generated="20231106 13:07:04.538" rpa="false" schemaversion="3">
<suite id="s1" name="Login" source="C:\development\robot-scripts\udemyRefresher\Test_Case\Login.robot">
<test id="s1-t1" name="Test Case 1: Register User" line="21">
<kw name="Open Browser" library="SeleniumLibrary">
<arg>${url}</arg>
<arg>${browser}</arg>
<doc>Opens a new browser instance to the optional ``url``.</doc>
<msg timestamp="20231106 13:07:04.843" level="INFO">Opening browser 'chrome' to base url 'https://automationexercise.com'.</msg>
<status status="PASS" starttime="20231106 13:07:04.843" endtime="20231106 13:07:08.039"/>
</kw>
<kw name="Maximize Browser Window" library="SeleniumLibrary">
<doc>Maximizes current browser window.</doc>
<status status="PASS" starttime="20231106 13:07:08.040" endtime="20231106 13:07:08.148"/>
</kw>
<kw name="Sleep" library="BuiltIn">
<arg>3s</arg>
<doc>Pauses the test executed for the given time.</doc>
<msg timestamp="20231106 13:07:11.156" level="INFO">Slept 3 seconds</msg>
<status status="PASS" starttime="20231106 13:07:08.149" endtime="20231106 13:07:11.156"/>
</kw>
<kw name="Element Should Be Visible" library="SeleniumLibrary">
<arg>css:.navbar-nav</arg>
<doc>Verifies that the element identified by ``locator`` is visible.</doc>
<msg timestamp="20231106 13:07:11.176" level="INFO">Element 'css:.navbar-nav' is displayed.</msg>
<status status="PASS" starttime="20231106 13:07:11.156" endtime="20231106 13:07:11.176"/>
</kw>
<kw name="Click Element" library="SeleniumLibrary">
<arg>css:.navbar-nav li a[href="/login"]</arg>
<doc>Click the element identified by ``locator``.</doc>
<msg timestamp="20231106 13:07:11.176" level="INFO">Clicking element 'css:.navbar-nav li a[href="/login"]'.</msg>
<status status="PASS" starttime="20231106 13:07:11.176" endtime="20231106 13:07:11.755"/>
</kw>
<kw name="Element Should Be Visible" library="SeleniumLibrary">
<arg>css:.signup-form h2</arg>
<doc>Verifies that the element identified by ``locator`` is visible.</doc>
<msg timestamp="20231106 13:07:11.772" level="INFO">Element 'css:.signup-form h2' is displayed.</msg>
<status status="PASS" starttime="20231106 13:07:11.755" endtime="20231106 13:07:11.772"/>
</kw>
<kw name="Element Text Should Be" library="SeleniumLibrary">
<arg>css:.signup-form h2</arg>
<arg>New User Signup!</arg>
<doc>Verifies that element ``locator`` contains exact the text ``expected``.</doc>
<msg timestamp="20231106 13:07:11.772" level="INFO">Verifying element 'css:.signup-form h2' contains exact text 'New User Signup!'.</msg>
<status status="PASS" starttime="20231106 13:07:11.772" endtime="20231106 13:07:11.785"/>
</kw>
<kw name="Input Text" library="SeleniumLibrary">
<arg>css:.signup-form input[name="name"]</arg>
<arg>${name}</arg>
<doc>Types the given ``text`` into the text field identified by ``locator``.</doc>
<msg timestamp="20231106 13:07:11.786" level="INFO">Typing text 'JosueHTestinFromRobotFour' into text field 'css:.signup-form input[name="name"]'.</msg>
<status status="PASS" starttime="20231106 13:07:11.786" endtime="20231106 13:07:11.854"/>
</kw>
<kw name="Input Text" library="SeleniumLibrary">
<arg>css:.signup-form input[name="email"]</arg>
<arg>${email}</arg>
<doc>Types the given ``text`` into the text field identified by ``locator``.</doc>
<msg timestamp="20231106 13:07:11.854" level="INFO">Typing text 'JosueHTestinFromRobotFour@test.com' into text field 'css:.signup-form input[name="email"]'.</msg>
<status status="PASS" starttime="20231106 13:07:11.854" endtime="20231106 13:07:11.931"/>
</kw>
<kw name="Click Button" library="SeleniumLibrary">
<arg>css:.signup-form button[type="submit"]</arg>
<doc>Clicks the button identified by ``locator``.</doc>
<msg timestamp="20231106 13:07:11.932" level="INFO">Clicking button 'css:.signup-form button[type="submit"]'.</msg>
<status status="PASS" starttime="20231106 13:07:11.932" endtime="20231106 13:07:12.667"/>
</kw>
<kw name="Element Text Should Be" library="SeleniumLibrary">
<arg>css:.login-form .title:nth-child(1)</arg>
<arg>ENTER ACCOUNT INFORMATION</arg>
<doc>Verifies that element ``locator`` contains exact the text ``expected``.</doc>
<msg timestamp="20231106 13:07:12.668" level="INFO">Verifying element 'css:.login-form .title:nth-child(1)' contains exact text 'ENTER ACCOUNT INFORMATION'.</msg>
<status status="PASS" starttime="20231106 13:07:12.667" endtime="20231106 13:07:12.681"/>
</kw>
<kw name="Sleep" library="BuiltIn">
<arg>3s</arg>
<doc>Pauses the test executed for the given time.</doc>
<msg timestamp="20231106 13:07:15.692" level="INFO">Slept 3 seconds</msg>
<status status="PASS" starttime="20231106 13:07:12.682" endtime="20231106 13:07:15.692"/>
</kw>
<kw name="Select Radio Button" library="SeleniumLibrary">
<arg>title</arg>
<arg>Mr</arg>
<doc>Sets the radio button group ``group_name`` to ``value``.</doc>
<msg timestamp="20231106 13:07:15.692" level="INFO">Selecting 'Mr' from radio button 'title'.</msg>
<status status="PASS" starttime="20231106 13:07:15.692" endtime="20231106 13:07:15.730"/>
</kw>
<kw name="Sleep" library="BuiltIn">
<arg>3s</arg>
<doc>Pauses the test executed for the given time.</doc>
<msg timestamp="20231106 13:07:18.736" level="INFO">Slept 3 seconds</msg>
<status status="PASS" starttime="20231106 13:07:15.731" endtime="20231106 13:07:18.736"/>
</kw>
<kw name="Element Attribute Value Should Be" library="SeleniumLibrary">
<arg>id=name</arg>
<arg>value</arg>
<arg>${name}</arg>
<doc>Verifies element identified by ``locator`` contains expected attribute value.</doc>
<msg timestamp="20231106 13:07:18.754" level="INFO">Element 'id=name' attribute 'value' contains value 'JosueHTestinFromRobotFour'.</msg>
<status status="PASS" starttime="20231106 13:07:18.736" endtime="20231106 13:07:18.754"/>
</kw>
<kw name="Element Attribute Value Should Be" library="SeleniumLibrary">
<arg>id=email</arg>
<arg>value</arg>
<arg>${email}</arg>
<doc>Verifies element identified by ``locator`` contains expected attribute value.</doc>
<msg timestamp="20231106 13:07:18.769" level="INFO">Element 'id=email' attribute 'value' contains value 'JosueHTestinFromRobotFour@test.com'.</msg>
<status status="PASS" starttime="20231106 13:07:18.754" endtime="20231106 13:07:18.769"/>
</kw>
<kw name="Input Text" library="SeleniumLibrary">
<arg>id=password</arg>
<arg>${pass}</arg>
<doc>Types the given ``text`` into the text field identified by ``locator``.</doc>
<msg timestamp="20231106 13:07:18.770" level="INFO">Typing text '12345' into text field 'id=password'.</msg>
<status status="PASS" starttime="20231106 13:07:18.769" endtime="20231106 13:07:18.816"/>
</kw>
<kw name="Select From List By Label" library="SeleniumLibrary">
<arg>id=days</arg>
<arg>9</arg>
<doc>Selects options from selection list ``locator`` by ``labels``.</doc>
<msg timestamp="20231106 13:07:18.816" level="INFO">Selecting options from selection list 'id=days' by label 9.</msg>
<status status="PASS" starttime="20231106 13:07:18.816" endtime="20231106 13:07:18.871"/>
</kw>
<kw name="Select From List By Label" library="SeleniumLibrary">
<arg>id=months</arg>
<arg>December</arg>
<doc>Selects options from selection list ``locator`` by ``labels``.</doc>
<msg timestamp="20231106 13:07:18.871" level="INFO">Selecting options from selection list 'id=months' by label December.</msg>
<status status="PASS" starttime="20231106 13:07:18.871" endtime="20231106 13:07:18.917"/>
</kw>
<kw name="Select From List By Label" library="SeleniumLibrary">
<arg>id=years</arg>
<arg>1996</arg>
<doc>Selects options from selection list ``locator`` by ``labels``.</doc>
<msg timestamp="20231106 13:07:18.918" level="INFO">Selecting options from selection list 'id=years' by label 1996.</msg>
<status status="PASS" starttime="20231106 13:07:18.917" endtime="20231106 13:07:18.963"/>
</kw>
<kw name="Select Checkbox" library="SeleniumLibrary">
<arg>id=newsletter</arg>
<doc>Selects the checkbox identified by ``locator``.</doc>
<msg timestamp="20231106 13:07:18.964" level="INFO">Selecting checkbox 'id=newsletter'.</msg>
<status status="PASS" starttime="20231106 13:07:18.963" endtime="20231106 13:07:19.003"/>
</kw>
<kw name="Unselect Checkbox" library="SeleniumLibrary">
<arg>id=newsletter</arg>
<doc>Removes the selection of checkbox identified by ``locator``.</doc>
<msg timestamp="20231106 13:07:19.004" level="INFO">Unselecting checkbox 'id=newsletter'.</msg>
<status status="PASS" starttime="20231106 13:07:19.004" endtime="20231106 13:07:19.037"/>
</kw>
<kw name="Select Checkbox" library="SeleniumLibrary">
<arg>id=newsletter</arg>
<doc>Selects the checkbox identified by ``locator``.</doc>
<msg timestamp="20231106 13:07:19.038" level="INFO">Selecting checkbox 'id=newsletter'.</msg>
<status status="PASS" starttime="20231106 13:07:19.037" endtime="20231106 13:07:19.070"/>
</kw>
<kw name="Select Checkbox" library="SeleniumLibrary">
<arg>id=optin</arg>
<doc>Selects the checkbox identified by ``locator``.</doc>
<msg timestamp="20231106 13:07:19.071" level="INFO">Selecting checkbox 'id=optin'.</msg>
<status status="PASS" starttime="20231106 13:07:19.070" endtime="20231106 13:07:19.109"/>
</kw>
<kw name="Unselect Checkbox" library="SeleniumLibrary">
<arg>id=optin</arg>
<doc>Removes the selection of checkbox identified by ``locator``.</doc>
<msg timestamp="20231106 13:07:19.109" level="INFO">Unselecting checkbox 'id=optin'.</msg>
<status status="PASS" starttime="20231106 13:07:19.109" endtime="20231106 13:07:19.142"/>
</kw>
<kw name="Select Checkbox" library="SeleniumLibrary">
<arg>id=optin</arg>
<doc>Selects the checkbox identified by ``locator``.</doc>
<msg timestamp="20231106 13:07:19.143" level="INFO">Selecting checkbox 'id=optin'.</msg>
<status status="PASS" starttime="20231106 13:07:19.143" endtime="20231106 13:07:19.176"/>
</kw>
<kw name="Sleep" library="BuiltIn">
<arg>3s</arg>
<doc>Pauses the test executed for the given time.</doc>
<msg timestamp="20231106 13:07:22.182" level="INFO">Slept 3 seconds</msg>
<status status="PASS" starttime="20231106 13:07:19.177" endtime="20231106 13:07:22.182"/>
</kw>
<kw name="Input Text" library="SeleniumLibrary">
<arg>id=first_name</arg>
<arg>${name}</arg>
<doc>Types the given ``text`` into the text field identified by ``locator``.</doc>
<msg timestamp="20231106 13:07:22.182" level="INFO">Typing text 'JosueHTestinFromRobotFour' into text field 'id=first_name'.</msg>
<status status="PASS" starttime="20231106 13:07:22.182" endtime="20231106 13:07:22.259"/>
</kw>
<kw name="Input Text" library="SeleniumLibrary">
<arg>id=last_name</arg>
<arg>${lastName}</arg>
<doc>Types the given ``text`` into the text field identified by ``locator``.</doc>
<msg timestamp="20231106 13:07:22.259" level="INFO">Typing text 'lastName' into text field 'id=last_name'.</msg>
<status status="PASS" starttime="20231106 13:07:22.259" endtime="20231106 13:07:22.309"/>
</kw>
<kw name="Input Text" library="SeleniumLibrary">
<arg>id=company</arg>
<arg>${companyName}</arg>
<doc>Types the given ``text`` into the text field identified by ``locator``.</doc>
<msg timestamp="20231106 13:07:22.310" level="INFO">Typing text 'anotherCompanyName' into text field 'id=company'.</msg>
<status status="PASS" starttime="20231106 13:07:22.309" endtime="20231106 13:07:22.370"/>
</kw>
<kw name="Input Text" library="SeleniumLibrary">
<arg>id=address1</arg>
<arg>${addressName}</arg>
<doc>Types the given ``text`` into the text field identified by ``locator``.</doc>
<msg timestamp="20231106 13:07:22.370" level="INFO">Typing text 'Street 50, P.O. Box 50, anotherCompanyName' into text field 'id=address1'.</msg>
<status status="PASS" starttime="20231106 13:07:22.370" endtime="20231106 13:07:22.442"/>
</kw>
<kw name="Select From List By Label" library="SeleniumLibrary">
<arg>id=country</arg>
<arg>${countryName}</arg>
<doc>Selects options from selection list ``locator`` by ``labels``.</doc>
<msg timestamp="20231106 13:07:22.442" level="INFO">Selecting options from selection list 'id=country' by label United States.</msg>
<status status="PASS" starttime="20231106 13:07:22.442" endtime="20231106 13:07:22.491"/>
</kw>
<kw name="Input Text" library="SeleniumLibrary">
<arg>id=state</arg>
<arg>${stateName}</arg>
<doc>Types the given ``text`` into the text field identified by ``locator``.</doc>
<msg timestamp="20231106 13:07:22.492" level="INFO">Typing text 'stateName' into text field 'id=state'.</msg>
<status status="PASS" starttime="20231106 13:07:22.491" endtime="20231106 13:07:22.546"/>
</kw>
<kw name="Input Text" library="SeleniumLibrary">
<arg>id=city</arg>
<arg>${cityName}</arg>
<doc>Types the given ``text`` into the text field identified by ``locator``.</doc>
<msg timestamp="20231106 13:07:22.546" level="INFO">Typing text 'cityName' into text field 'id=city'.</msg>
<status status="PASS" starttime="20231106 13:07:22.546" endtime="20231106 13:07:22.604"/>
</kw>
<kw name="Input Text" library="SeleniumLibrary">
<arg>id=zipcode</arg>
<arg>${zipCode}</arg>
<doc>Types the given ``text`` into the text field identified by ``locator``.</doc>
<msg timestamp="20231106 13:07:22.604" level="INFO">Typing text '501000' into text field 'id=zipcode'.</msg>
<status status="PASS" starttime="20231106 13:07:22.604" endtime="20231106 13:07:22.658"/>
</kw>
<kw name="Input Text" library="SeleniumLibrary">
<arg>id=mobile_number</arg>
<arg>${phonenumber}</arg>
<doc>Types the given ``text`` into the text field identified by ``locator``.</doc>
<msg timestamp="20231106 13:07:22.658" level="INFO">Typing text '500400300' into text field 'id=mobile_number'.</msg>
<status status="PASS" starttime="20231106 13:07:22.658" endtime="20231106 13:07:22.716"/>
</kw>
<kw name="Click Button" library="SeleniumLibrary">
<arg>css:button[data-qa="create-account"]</arg>
<doc>Clicks the button identified by ``locator``.</doc>
<msg timestamp="20231106 13:07:22.716" level="INFO">Clicking button 'css:button[data-qa="create-account"]'.</msg>
<status status="PASS" starttime="20231106 13:07:22.716" endtime="20231106 13:07:23.701"/>
</kw>
<kw name="Element Text Should Be" library="SeleniumLibrary">
<arg>css:.title b</arg>
<arg>ACCOUNT CREATED!</arg>
<doc>Verifies that element ``locator`` contains exact the text ``expected``.</doc>
<msg timestamp="20231106 13:07:23.702" level="INFO">Verifying element 'css:.title b' contains exact text 'ACCOUNT CREATED!'.</msg>
<status status="PASS" starttime="20231106 13:07:23.702" endtime="20231106 13:07:23.714"/>
</kw>
<kw name="Click Link" library="SeleniumLibrary">
<arg>css:a[data-qa="continue-button"]</arg>
<doc>Clicks a link identified by ``locator``.</doc>
<msg timestamp="20231106 13:07:23.715" level="INFO">Clicking link 'css:a[data-qa="continue-button"]'.</msg>
<status status="PASS" starttime="20231106 13:07:23.715" endtime="20231106 13:07:25.018"/>
</kw>
<kw name="Element Should Contain" library="SeleniumLibrary">
<arg>css:.navbar-nav li:nth-child(10)</arg>
<arg>${name}</arg>
<doc>Verifies that element ``locator`` contains text ``expected``.</doc>
<msg timestamp="20231106 13:07:25.030" level="INFO">Element 'css:.navbar-nav li:nth-child(10)' contains text 'JosueHTestinFromRobotFour'.</msg>
<status status="PASS" starttime="20231106 13:07:25.018" endtime="20231106 13:07:25.031"/>
</kw>
<kw name="Click Link" library="SeleniumLibrary">
<arg>css:.navbar-nav li a[href="/delete_account"]</arg>
<doc>Clicks a link identified by ``locator``.</doc>
<msg timestamp="20231106 13:07:25.031" level="INFO">Clicking link 'css:.navbar-nav li a[href="/delete_account"]'.</msg>
<status status="PASS" starttime="20231106 13:07:25.031" endtime="20231106 13:07:25.655"/>
</kw>
<kw name="Element Text Should Be" library="SeleniumLibrary">
<arg>css:.title b</arg>
<arg>ACCOUNT DELETED!</arg>
<doc>Verifies that element ``locator`` contains exact the text ``expected``.</doc>
<msg timestamp="20231106 13:07:25.656" level="INFO">Verifying element 'css:.title b' contains exact text 'ACCOUNT DELETED!'.</msg>
<status status="PASS" starttime="20231106 13:07:25.656" endtime="20231106 13:07:25.667"/>
</kw>
<kw name="Sleep" library="BuiltIn">
<arg>3s</arg>
<doc>Pauses the test executed for the given time.</doc>
<msg timestamp="20231106 13:07:28.676" level="INFO">Slept 3 seconds</msg>
<status status="PASS" starttime="20231106 13:07:25.667" endtime="20231106 13:07:28.676"/>
</kw>
<kw name="Close Browser" library="SeleniumLibrary">
<doc>Closes the current browser.</doc>
<status status="PASS" starttime="20231106 13:07:28.676" endtime="20231106 13:07:30.876"/>
</kw>
<doc>SuiteLogin</doc>
<tag>Test Case 1: Register User</tag>
<status status="PASS" starttime="20231106 13:07:04.842" endtime="20231106 13:07:30.876"/>
</test>
<status status="PASS" starttime="20231106 13:07:04.539" endtime="20231106 13:07:30.878"/>
</suite>
<statistics>
<total>
<stat pass="1" fail="0" skip="0">All Tests</stat>
</total>
<tag>
<stat pass="1" fail="0" skip="0">Test Case 1: Register User</stat>
</tag>
<suite>
<stat pass="1" fail="0" skip="0" id="s1" name="Login">Login</stat>
</suite>
</statistics>
<errors>
</errors>
</robot>
