<?xml version="1.0" encoding="UTF-8"?>
<robot generator="Robot 5.0.1 (Python 3.10.7 on win32)" generated="20231106 13:15:59.674" rpa="false" schemaversion="3">
<suite id="s1" name="Login" source="C:\development\robot-scripts\udemyRefresher\Test_Case\Login.robot">
<test id="s1-t1" name="Test Case 1: Register User" line="21">
<kw name="Open Browser" library="SeleniumLibrary">
<arg>${url}</arg>
<arg>${browser}</arg>
<doc>Opens a new browser instance to the optional ``url``.</doc>
<msg timestamp="20231106 13:15:59.998" level="INFO">Opening browser 'chrome' to base url 'https://automationexercise.com'.</msg>
<status status="PASS" starttime="20231106 13:15:59.997" endtime="20231106 13:16:03.856"/>
</kw>
<kw name="Maximize Browser Window" library="SeleniumLibrary">
<doc>Maximizes current browser window.</doc>
<status status="PASS" starttime="20231106 13:16:03.857" endtime="20231106 13:16:03.975"/>
</kw>
<kw name="Sleep" library="BuiltIn">
<arg>3s</arg>
<doc>Pauses the test executed for the given time.</doc>
<msg timestamp="20231106 13:16:06.976" level="INFO">Slept 3 seconds</msg>
<status status="PASS" starttime="20231106 13:16:03.975" endtime="20231106 13:16:06.976"/>
</kw>
<kw name="Element Should Be Visible" library="SeleniumLibrary">
<arg>css:.navbar-nav</arg>
<doc>Verifies that the element identified by ``locator`` is visible.</doc>
<msg timestamp="20231106 13:16:06.994" level="INFO">Element 'css:.navbar-nav' is displayed.</msg>
<status status="PASS" starttime="20231106 13:16:06.976" endtime="20231106 13:16:06.995"/>
</kw>
<kw name="Click Element" library="SeleniumLibrary">
<arg>css:.navbar-nav li a[href="/login"]</arg>
<doc>Click the element identified by ``locator``.</doc>
<msg timestamp="20231106 13:16:06.995" level="INFO">Clicking element 'css:.navbar-nav li a[href="/login"]'.</msg>
<status status="PASS" starttime="20231106 13:16:06.995" endtime="20231106 13:16:07.848"/>
</kw>
<kw name="Element Should Be Visible" library="SeleniumLibrary">
<arg>css:.signup-form h2</arg>
<doc>Verifies that the element identified by ``locator`` is visible.</doc>
<msg timestamp="20231106 13:16:07.867" level="INFO">Element 'css:.signup-form h2' is displayed.</msg>
<status status="PASS" starttime="20231106 13:16:07.849" endtime="20231106 13:16:07.867"/>
</kw>
<kw name="Element Text Should Be" library="SeleniumLibrary">
<arg>css:.signup-form h2</arg>
<arg>New User Signup!</arg>
<doc>Verifies that element ``locator`` contains exact the text ``expected``.</doc>
<msg timestamp="20231106 13:16:07.868" level="INFO">Verifying element 'css:.signup-form h2' contains exact text 'New User Signup!'.</msg>
<status status="PASS" starttime="20231106 13:16:07.867" endtime="20231106 13:16:07.886"/>
</kw>
<kw name="Input Text" library="SeleniumLibrary">
<arg>css:.signup-form input[name="name"]</arg>
<arg>${name}</arg>
<doc>Types the given ``text`` into the text field identified by ``locator``.</doc>
<msg timestamp="20231106 13:16:07.886" level="INFO">Typing text 'JosueHTestinFromRobotFour' into text field 'css:.signup-form input[name="name"]'.</msg>
<status status="PASS" starttime="20231106 13:16:07.886" endtime="20231106 13:16:07.969"/>
</kw>
<kw name="Input Text" library="SeleniumLibrary">
<arg>css:.signup-form input[name="email"]</arg>
<arg>${email}</arg>
<doc>Types the given ``text`` into the text field identified by ``locator``.</doc>
<msg timestamp="20231106 13:16:07.970" level="INFO">Typing text 'JosueHTestinFromRobotFour@test.com' into text field 'css:.signup-form input[name="email"]'.</msg>
<status status="PASS" starttime="20231106 13:16:07.969" endtime="20231106 13:16:08.031"/>
</kw>
<kw name="Click Button" library="SeleniumLibrary">
<arg>css:.signup-form button[type="submit"]</arg>
<doc>Clicks the button identified by ``locator``.</doc>
<msg timestamp="20231106 13:16:08.032" level="INFO">Clicking button 'css:.signup-form button[type="submit"]'.</msg>
<status status="PASS" starttime="20231106 13:16:08.031" endtime="20231106 13:16:09.531"/>
</kw>
<kw name="Element Text Should Be" library="SeleniumLibrary">
<arg>css:.login-form .title:nth-child(1)</arg>
<arg>ENTER ACCOUNT INFORMATION</arg>
<doc>Verifies that element ``locator`` contains exact the text ``expected``.</doc>
<msg timestamp="20231106 13:16:09.531" level="INFO">Verifying element 'css:.login-form .title:nth-child(1)' contains exact text 'ENTER ACCOUNT INFORMATION'.</msg>
<status status="PASS" starttime="20231106 13:16:09.531" endtime="20231106 13:16:09.545"/>
</kw>
<kw name="Sleep" library="BuiltIn">
<arg>3s</arg>
<doc>Pauses the test executed for the given time.</doc>
<msg timestamp="20231106 13:16:12.552" level="INFO">Slept 3 seconds</msg>
<status status="PASS" starttime="20231106 13:16:09.545" endtime="20231106 13:16:12.552"/>
</kw>
<kw name="Select Radio Button" library="SeleniumLibrary">
<arg>title</arg>
<arg>Mr</arg>
<doc>Sets the radio button group ``group_name`` to ``value``.</doc>
<msg timestamp="20231106 13:16:12.552" level="INFO">Selecting 'Mr' from radio button 'title'.</msg>
<status status="PASS" starttime="20231106 13:16:12.552" endtime="20231106 13:16:12.590"/>
</kw>
<kw name="Sleep" library="BuiltIn">
<arg>3s</arg>
<doc>Pauses the test executed for the given time.</doc>
<msg timestamp="20231106 13:16:15.594" level="INFO">Slept 3 seconds</msg>
<status status="PASS" starttime="20231106 13:16:12.591" endtime="20231106 13:16:15.594"/>
</kw>
<kw name="Element Attribute Value Should Be" library="SeleniumLibrary">
<arg>id=name</arg>
<arg>value</arg>
<arg>${name}</arg>
<doc>Verifies element identified by ``locator`` contains expected attribute value.</doc>
<msg timestamp="20231106 13:16:15.611" level="INFO">Element 'id=name' attribute 'value' contains value 'JosueHTestinFromRobotFour'.</msg>
<status status="PASS" starttime="20231106 13:16:15.594" endtime="20231106 13:16:15.611"/>
</kw>
<kw name="Element Attribute Value Should Be" library="SeleniumLibrary">
<arg>id=email</arg>
<arg>value</arg>
<arg>${email}</arg>
<doc>Verifies element identified by ``locator`` contains expected attribute value.</doc>
<msg timestamp="20231106 13:16:15.624" level="INFO">Element 'id=email' attribute 'value' contains value 'JosueHTestinFromRobotFour@test.com'.</msg>
<status status="PASS" starttime="20231106 13:16:15.611" endtime="20231106 13:16:15.624"/>
</kw>
<kw name="Input Text" library="SeleniumLibrary">
<arg>id=password</arg>
<arg>${pass}</arg>
<doc>Types the given ``text`` into the text field identified by ``locator``.</doc>
<msg timestamp="20231106 13:16:15.625" level="INFO">Typing text '12345' into text field 'id=password'.</msg>
<status status="PASS" starttime="20231106 13:16:15.625" endtime="20231106 13:16:15.672"/>
</kw>
<kw name="Select From List By Label" library="SeleniumLibrary">
<arg>id=days</arg>
<arg>9</arg>
<doc>Selects options from selection list ``locator`` by ``labels``.</doc>
<msg timestamp="20231106 13:16:15.673" level="INFO">Selecting options from selection list 'id=days' by label 9.</msg>
<status status="PASS" starttime="20231106 13:16:15.672" endtime="20231106 13:16:15.731"/>
</kw>
<kw name="Select From List By Label" library="SeleniumLibrary">
<arg>id=months</arg>
<arg>December</arg>
<doc>Selects options from selection list ``locator`` by ``labels``.</doc>
<msg timestamp="20231106 13:16:15.731" level="INFO">Selecting options from selection list 'id=months' by label December.</msg>
<status status="PASS" starttime="20231106 13:16:15.731" endtime="20231106 13:16:15.777"/>
</kw>
<kw name="Select From List By Label" library="SeleniumLibrary">
<arg>id=years</arg>
<arg>1996</arg>
<doc>Selects options from selection list ``locator`` by ``labels``.</doc>
<msg timestamp="20231106 13:16:15.777" level="INFO">Selecting options from selection list 'id=years' by label 1996.</msg>
<status status="PASS" starttime="20231106 13:16:15.777" endtime="20231106 13:16:15.823"/>
</kw>
<kw name="Select Checkbox" library="SeleniumLibrary">
<arg>id=newsletter</arg>
<doc>Selects the checkbox identified by ``locator``.</doc>
<msg timestamp="20231106 13:16:15.824" level="INFO">Selecting checkbox 'id=newsletter'.</msg>
<status status="PASS" starttime="20231106 13:16:15.824" endtime="20231106 13:16:15.863"/>
</kw>
<kw name="Unselect Checkbox" library="SeleniumLibrary">
<arg>id=newsletter</arg>
<doc>Removes the selection of checkbox identified by ``locator``.</doc>
<msg timestamp="20231106 13:16:15.864" level="INFO">Unselecting checkbox 'id=newsletter'.</msg>
<status status="PASS" starttime="20231106 13:16:15.864" endtime="20231106 13:16:15.898"/>
</kw>
<kw name="Select Checkbox" library="SeleniumLibrary">
<arg>id=newsletter</arg>
<doc>Selects the checkbox identified by ``locator``.</doc>
<msg timestamp="20231106 13:16:15.899" level="INFO">Selecting checkbox 'id=newsletter'.</msg>
<status status="PASS" starttime="20231106 13:16:15.899" endtime="20231106 13:16:15.937"/>
</kw>
<kw name="Select Checkbox" library="SeleniumLibrary">
<arg>id=optin</arg>
<doc>Selects the checkbox identified by ``locator``.</doc>
<msg timestamp="20231106 13:16:15.937" level="INFO">Selecting checkbox 'id=optin'.</msg>
<status status="PASS" starttime="20231106 13:16:15.937" endtime="20231106 13:16:15.974"/>
</kw>
<kw name="Unselect Checkbox" library="SeleniumLibrary">
<arg>id=optin</arg>
<doc>Removes the selection of checkbox identified by ``locator``.</doc>
<msg timestamp="20231106 13:16:15.974" level="INFO">Unselecting checkbox 'id=optin'.</msg>
<status status="PASS" starttime="20231106 13:16:15.974" endtime="20231106 13:16:16.006"/>
</kw>
<kw name="Select Checkbox" library="SeleniumLibrary">
<arg>id=optin</arg>
<doc>Selects the checkbox identified by ``locator``.</doc>
<msg timestamp="20231106 13:16:16.006" level="INFO">Selecting checkbox 'id=optin'.</msg>
<status status="PASS" starttime="20231106 13:16:16.006" endtime="20231106 13:16:16.038"/>
</kw>
<kw name="Sleep" library="BuiltIn">
<arg>3s</arg>
<doc>Pauses the test executed for the given time.</doc>
<msg timestamp="20231106 13:16:19.054" level="INFO">Slept 3 seconds</msg>
<status status="PASS" starttime="20231106 13:16:16.038" endtime="20231106 13:16:19.054"/>
</kw>
<kw name="Input Text" library="SeleniumLibrary">
<arg>id=first_name</arg>
<arg>${name}</arg>
<doc>Types the given ``text`` into the text field identified by ``locator``.</doc>
<msg timestamp="20231106 13:16:19.055" level="INFO">Typing text 'JosueHTestinFromRobotFour' into text field 'id=first_name'.</msg>
<status status="PASS" starttime="20231106 13:16:19.054" endtime="20231106 13:16:19.114"/>
</kw>
<kw name="Input Text" library="SeleniumLibrary">
<arg>id=last_name</arg>
<arg>${lastName}</arg>
<doc>Types the given ``text`` into the text field identified by ``locator``.</doc>
<msg timestamp="20231106 13:16:19.114" level="INFO">Typing text 'lastName' into text field 'id=last_name'.</msg>
<status status="PASS" starttime="20231106 13:16:19.114" endtime="20231106 13:16:19.170"/>
</kw>
<kw name="Input Text" library="SeleniumLibrary">
<arg>id=company</arg>
<arg>${companyName}</arg>
<doc>Types the given ``text`` into the text field identified by ``locator``.</doc>
<msg timestamp="20231106 13:16:19.171" level="INFO">Typing text 'anotherCompanyName' into text field 'id=company'.</msg>
<status status="PASS" starttime="20231106 13:16:19.171" endtime="20231106 13:16:19.240"/>
</kw>
<kw name="Input Text" library="SeleniumLibrary">
<arg>id=address1</arg>
<arg>${addressName}</arg>
<doc>Types the given ``text`` into the text field identified by ``locator``.</doc>
<msg timestamp="20231106 13:16:19.240" level="INFO">Typing text 'Street 50, P.O. Box 50, anotherCompanyName' into text field 'id=address1'.</msg>
<status status="PASS" starttime="20231106 13:16:19.240" endtime="20231106 13:16:19.313"/>
</kw>
<kw name="Select From List By Label" library="SeleniumLibrary">
<arg>id=country</arg>
<arg>${countryName}</arg>
<doc>Selects options from selection list ``locator`` by ``labels``.</doc>
<msg timestamp="20231106 13:16:19.313" level="INFO">Selecting options from selection list 'id=country' by label United States.</msg>
<status status="PASS" starttime="20231106 13:16:19.313" endtime="20231106 13:16:19.364"/>
</kw>
<kw name="Input Text" library="SeleniumLibrary">
<arg>id=state</arg>
<arg>${stateName}</arg>
<doc>Types the given ``text`` into the text field identified by ``locator``.</doc>
<msg timestamp="20231106 13:16:19.364" level="INFO">Typing text 'stateName' into text field 'id=state'.</msg>
<status status="PASS" starttime="20231106 13:16:19.364" endtime="20231106 13:16:19.417"/>
</kw>
<kw name="Input Text" library="SeleniumLibrary">
<arg>id=city</arg>
<arg>${cityName}</arg>
<doc>Types the given ``text`` into the text field identified by ``locator``.</doc>
<msg timestamp="20231106 13:16:19.418" level="INFO">Typing text 'cityName' into text field 'id=city'.</msg>
<status status="PASS" starttime="20231106 13:16:19.417" endtime="20231106 13:16:19.475"/>
</kw>
<kw name="Input Text" library="SeleniumLibrary">
<arg>id=zipcode</arg>
<arg>${zipCode}</arg>
<doc>Types the given ``text`` into the text field identified by ``locator``.</doc>
<msg timestamp="20231106 13:16:19.475" level="INFO">Typing text '501000' into text field 'id=zipcode'.</msg>
<status status="PASS" starttime="20231106 13:16:19.475" endtime="20231106 13:16:19.529"/>
</kw>
<kw name="Input Text" library="SeleniumLibrary">
<arg>id=mobile_number</arg>
<arg>${phonenumber}</arg>
<doc>Types the given ``text`` into the text field identified by ``locator``.</doc>
<msg timestamp="20231106 13:16:19.530" level="INFO">Typing text '500400300' into text field 'id=mobile_number'.</msg>
<status status="PASS" starttime="20231106 13:16:19.529" endtime="20231106 13:16:19.589"/>
</kw>
<kw name="Click Button" library="SeleniumLibrary">
<arg>css:button[data-qa="create-account"]</arg>
<doc>Clicks the button identified by ``locator``.</doc>
<msg timestamp="20231106 13:16:19.589" level="INFO">Clicking button 'css:button[data-qa="create-account"]'.</msg>
<status status="PASS" starttime="20231106 13:16:19.589" endtime="20231106 13:16:20.746"/>
</kw>
<kw name="Element Text Should Be" library="SeleniumLibrary">
<arg>css:.title b</arg>
<arg>ACCOUNT CREATED!</arg>
<doc>Verifies that element ``locator`` contains exact the text ``expected``.</doc>
<msg timestamp="20231106 13:16:20.747" level="INFO">Verifying element 'css:.title b' contains exact text 'ACCOUNT CREATED!'.</msg>
<status status="PASS" starttime="20231106 13:16:20.746" endtime="20231106 13:16:20.759"/>
</kw>
<kw name="Click Link" library="SeleniumLibrary">
<arg>css:a[data-qa="continue-button"]</arg>
<doc>Clicks a link identified by ``locator``.</doc>
<msg timestamp="20231106 13:16:20.759" level="INFO">Clicking link 'css:a[data-qa="continue-button"]'.</msg>
<status status="PASS" starttime="20231106 13:16:20.759" endtime="20231106 13:16:21.885"/>
</kw>
<kw name="Sleep" library="BuiltIn">
<arg>3s</arg>
<doc>Pauses the test executed for the given time.</doc>
<msg timestamp="20231106 13:16:24.899" level="INFO">Slept 3 seconds</msg>
<status status="PASS" starttime="20231106 13:16:21.885" endtime="20231106 13:16:24.899"/>
</kw>
<kw name="Element Should Contain" library="SeleniumLibrary">
<arg>css:.navbar-nav li b</arg>
<arg>${name}</arg>
<doc>Verifies that element ``locator`` contains text ``expected``.</doc>
<msg timestamp="20231106 13:16:24.915" level="INFO">Element 'css:.navbar-nav li b' contains text 'JosueHTestinFromRobotFour'.</msg>
<status status="PASS" starttime="20231106 13:16:24.899" endtime="20231106 13:16:24.916"/>
</kw>
<kw name="Sleep" library="BuiltIn">
<arg>3s</arg>
<doc>Pauses the test executed for the given time.</doc>
<msg timestamp="20231106 13:16:27.919" level="INFO">Slept 3 seconds</msg>
<status status="PASS" starttime="20231106 13:16:24.917" endtime="20231106 13:16:27.919"/>
</kw>
<kw name="Click Link" library="SeleniumLibrary">
<arg>css:.navbar-nav li a[href="/delete_account"]</arg>
<doc>Clicks a link identified by ``locator``.</doc>
<msg timestamp="20231106 13:16:27.919" level="INFO">Clicking link 'css:.navbar-nav li a[href="/delete_account"]'.</msg>
<status status="PASS" starttime="20231106 13:16:27.919" endtime="20231106 13:16:28.925"/>
</kw>
<kw name="Sleep" library="BuiltIn">
<arg>3s</arg>
<doc>Pauses the test executed for the given time.</doc>
<msg timestamp="20231106 13:16:31.932" level="INFO">Slept 3 seconds</msg>
<status status="PASS" starttime="20231106 13:16:28.925" endtime="20231106 13:16:31.932"/>
</kw>
<kw name="Element Text Should Be" library="SeleniumLibrary">
<arg>css:.title b</arg>
<arg>ACCOUNT DELETED!</arg>
<doc>Verifies that element ``locator`` contains exact the text ``expected``.</doc>
<msg timestamp="20231106 13:16:31.933" level="INFO">Verifying element 'css:.title b' contains exact text 'ACCOUNT DELETED!'.</msg>
<status status="PASS" starttime="20231106 13:16:31.932" endtime="20231106 13:16:31.944"/>
</kw>
<kw name="Sleep" library="BuiltIn">
<arg>3s</arg>
<doc>Pauses the test executed for the given time.</doc>
<msg timestamp="20231106 13:16:34.945" level="INFO">Slept 3 seconds</msg>
<status status="PASS" starttime="20231106 13:16:31.945" endtime="20231106 13:16:34.945"/>
</kw>
<kw name="Close Browser" library="SeleniumLibrary">
<doc>Closes the current browser.</doc>
<status status="PASS" starttime="20231106 13:16:34.945" endtime="20231106 13:16:37.122"/>
</kw>
<doc>SuiteLogin</doc>
<tag>Test Case 1: Register User</tag>
<status status="PASS" starttime="20231106 13:15:59.997" endtime="20231106 13:16:37.122"/>
</test>
<status status="PASS" starttime="20231106 13:15:59.677" endtime="20231106 13:16:37.123"/>
</suite>
<statistics>
<total>
<stat pass="1" fail="0" skip="0">All Tests</stat>
</total>
<tag>
<stat pass="1" fail="0" skip="0">Test Case 1: Register User</stat>
</tag>
<suite>
<stat pass="1" fail="0" skip="0" id="s1" name="Login">Login</stat>
</suite>
</statistics>
<errors>
</errors>
</robot>
